[15:40:41] [main/INFO] (FabricLoader/GameProvider) Loading Minecraft 1.20.1 with Fabric Loader 0.14.21
[15:40:42] [main/INFO] (FabricLoader) Loading 46 mods:
	- awesomearmaments 1.0.0
	- fabric-api 0.85.0+1.20.1
	- fabric-api-base 0.4.29+b04edc7a77
	- fabric-api-lookup-api-v1 1.6.34+4d8536c977
	- fabric-biome-api-v1 13.0.10+b3afc78b77
	- fabric-block-api-v1 1.0.9+e022e5d177
	- fabric-blockrenderlayer-v1 1.1.39+b3afc78b77
	- fabric-client-tags-api-v1 1.1.0+97bb207577
	- fabric-command-api-v2 2.2.11+b3afc78b77
	- fabric-content-registries-v0 4.0.8+b3afc78b77
	- fabric-convention-tags-v1 1.5.3+b3afc78b77
	- fabric-crash-report-info-v1 0.2.18+aeb40ebe77
	- fabric-data-generation-api-v1 12.1.12+b3afc78b77
	- fabric-dimensions-v1 2.1.51+b3afc78b77
	- fabric-entity-events-v1 1.5.21+b3afc78b77
	- fabric-events-interaction-v0 0.6.0+b3afc78b77
	- fabric-game-rule-api-v1 1.0.38+b04edc7a77
	- fabric-gametest-api-v1 1.2.11+b3afc78b77
	- fabric-item-api-v1 2.1.26+b3afc78b77
	- fabric-item-group-api-v1 4.0.8+40e50c4677
	- fabric-key-binding-api-v1 1.0.36+fb8d95da77
	- fabric-lifecycle-events-v1 2.2.20+b3afc78b77
	- fabric-loot-api-v2 1.1.38+b3afc78b77
	- fabric-message-api-v1 5.1.6+b3afc78b77
	- fabric-mining-level-api-v1 2.1.48+b3afc78b77
	- fabric-models-v0 0.3.35+b3afc78b77
	- fabric-networking-api-v1 1.3.8+b3afc78b77
	- fabric-object-builder-api-v1 11.1.0+6beca84877
	- fabric-particles-v1 1.1.0+201a23a077
	- fabric-recipe-api-v1 1.0.18+b3afc78b77
	- fabric-registry-sync-v0 2.2.6+b3afc78b77
	- fabric-renderer-api-v1 3.1.0+c154966e77
	- fabric-renderer-indigo 1.4.0+c154966e77
	- fabric-rendering-data-attachment-v1 0.3.33+b3afc78b77
	- fabric-rendering-fluids-v1 3.0.26+b3afc78b77
	- fabric-rendering-v1 3.0.6+b3afc78b77
	- fabric-resource-conditions-api-v1 2.3.5+ea08f9d877
	- fabric-resource-loader-v0 0.11.8+e3d6ed2577
	- fabric-screen-api-v1 2.0.6+b3afc78b77
	- fabric-screen-handler-api-v1 1.3.27+b3afc78b77
	- fabric-sound-api-v1 1.0.12+b3afc78b77
	- fabric-transfer-api-v1 3.2.3+43a3fedd77
	- fabric-transitive-access-wideners-v1 4.2.0+b3afc78b77
	- fabricloader 0.14.21
	- java 17
	- minecraft 1.20.1
[15:40:42] [main/INFO] (FabricLoader/Mixin) SpongePowered MIXIN Subsystem Version=0.8.5 Source=file:/C:/Users/Vishal/.gradle/caches/modules-2/files-2.1/net.fabricmc/sponge-mixin/0.12.5+mixin.0.8.5/8d31fb97c3e0cd7c8dad3441851c523bcfae6d8e/sponge-mixin-0.12.5+mixin.0.8.5.jar Service=Knot/Fabric Env=CLIENT
[15:40:42] [main/INFO] (FabricLoader/Mixin) Loaded Fabric development mappings for mixin remapper!
[15:40:42] [main/INFO] (FabricLoader/Mixin) Compatibility level set to JAVA_16
[15:40:42] [main/INFO] (FabricLoader/Mixin) Compatibility level set to JAVA_17
[15:40:48] [Datafixer Bootstrap/INFO] (Minecraft) 188 Datafixer optimizations took 134 milliseconds
[15:40:50] [Render thread/INFO] (Minecraft) Environment: authHost='https://authserver.mojang.com', accountsHost='https://api.mojang.com', sessionHost='https://sessionserver.mojang.com', servicesHost='https://api.minecraftservices.com', name='PROD'
[15:40:50] [Render thread/ERROR] (Minecraft) Failed to verify authentication
com.mojang.authlib.exceptions.InvalidCredentialsException: Status: 401
	at com.mojang.authlib.exceptions.MinecraftClientHttpException.toAuthenticationException(MinecraftClientHttpException.java:56) ~[authlib-4.0.43.jar:?]
	at com.mojang.authlib.yggdrasil.YggdrasilUserApiService.fetchProperties(YggdrasilUserApiService.java:156) ~[authlib-4.0.43.jar:?]
	at com.mojang.authlib.yggdrasil.YggdrasilUserApiService.<init>(YggdrasilUserApiService.java:55) ~[authlib-4.0.43.jar:?]
	at com.mojang.authlib.yggdrasil.YggdrasilAuthenticationService.createUserApiService(YggdrasilAuthenticationService.java:124) ~[authlib-4.0.43.jar:?]
	at net.minecraft.client.MinecraftClient.createUserApiService(MinecraftClient.java:733) ~[minecraft-merged-project-root-1.20.1-net.fabricmc.yarn.1_20_1.1.20.1+build.9-v2.jar:?]
	at net.minecraft.client.MinecraftClient.<init>(MinecraftClient.java:442) ~[minecraft-merged-project-root-1.20.1-net.fabricmc.yarn.1_20_1.1.20.1+build.9-v2.jar:?]
	at net.minecraft.client.main.Main.main(Main.java:211) ~[minecraft-merged-project-root-1.20.1-net.fabricmc.yarn.1_20_1.1.20.1+build.9-v2.jar:?]
	at net.fabricmc.loader.impl.game.minecraft.MinecraftGameProvider.launch(MinecraftGameProvider.java:468) ~[fabric-loader-0.14.21.jar:?]
	at net.fabricmc.loader.impl.launch.knot.Knot.launch(Knot.java:74) ~[fabric-loader-0.14.21.jar:?]
	at net.fabricmc.loader.impl.launch.knot.KnotClient.main(KnotClient.java:23) ~[fabric-loader-0.14.21.jar:?]
	at net.fabricmc.devlaunchinjector.Main.main(Main.java:86) ~[dev-launch-injector-0.2.1+build.8.jar:?]
Caused by: com.mojang.authlib.exceptions.MinecraftClientHttpException: Status: 401
	at com.mojang.authlib.minecraft.client.MinecraftClient.readInputStream(MinecraftClient.java:85) ~[authlib-4.0.43.jar:?]
	at com.mojang.authlib.minecraft.client.MinecraftClient.get(MinecraftClient.java:48) ~[authlib-4.0.43.jar:?]
	at com.mojang.authlib.yggdrasil.YggdrasilUserApiService.fetchProperties(YggdrasilUserApiService.java:129) ~[authlib-4.0.43.jar:?]
	... 9 more
[15:40:50] [Render thread/INFO] (Minecraft) Setting user: Player632
[15:40:50] [Render thread/INFO] (awesomearmaments) Hello Fabric world!
[15:40:50] [Render thread/INFO] (awesomearmaments) Registering Mod Items for awesomearmaments
[15:40:50] [Render thread/INFO] (awesomearmaments) Registering Item Groups for awesomearmaments
[15:40:50] [Render thread/INFO] (Indigo) [Indigo] Registering Indigo renderer!
[15:40:51] [Render thread/INFO] (Minecraft) Backend library: LWJGL version 3.3.1 SNAPSHOT
[15:40:52] [Render thread/INFO] (Minecraft) Reloading ResourceManager: vanilla, fabric (fabric-resource-conditions-api-v1, fabricloader, fabric-registry-sync-v0, fabric-data-generation-api-v1, fabric-renderer-api-v1, fabric-loot-api-v2, fabric-networking-api-v1, fabric-rendering-data-attachment-v1, fabric-convention-tags-v1, fabric-message-api-v1, fabric-command-api-v2, fabric-biome-api-v1, fabric-api, fabric-api-lookup-api-v1, fabric-api-base, fabric-key-binding-api-v1, awesomearmaments, fabric-rendering-v1, fabric-lifecycle-events-v1, fabric-crash-report-info-v1, fabric-item-api-v1, fabric-dimensions-v1, fabric-blockrenderlayer-v1, fabric-entity-events-v1, fabric-screen-api-v1, fabric-sound-api-v1, fabric-game-rule-api-v1, fabric-transitive-access-wideners-v1, fabric-mining-level-api-v1, fabric-screen-handler-api-v1, fabric-events-interaction-v0, fabric-recipe-api-v1, fabric-resource-loader-v0, fabric-transfer-api-v1, fabric-particles-v1, fabric-client-tags-api-v1, fabric-content-registries-v0, fabric-object-builder-api-v1, fabric-gametest-api-v1, fabric-renderer-indigo, fabric-rendering-fluids-v1, fabric-item-group-api-v1, fabric-models-v0, fabric-block-api-v1)
[15:40:52] [Worker-Main-4/INFO] (Minecraft) Found unifont_all_no_pua-15.0.06.hex, loading
[15:40:52] [Realms Notification Availability checker #1/INFO] (Minecraft) Could not authorize you against Realms server: Invalid session id
[15:40:53] [Render thread/WARN] (Minecraft) Missing sound for event: minecraft:item.goat_horn.play
[15:40:53] [Render thread/WARN] (Minecraft) Missing sound for event: minecraft:entity.goat.screaming.horn_break
[15:40:53] [Render thread/INFO] (Minecraft) OpenAL initialized on device OpenAL Soft on Speakers (Realtek(R) Audio)
[15:40:53] [Render thread/INFO] (Minecraft) Sound engine started
[15:40:53] [Render thread/INFO] (Minecraft) Created: 1024x512x4 minecraft:textures/atlas/blocks.png-atlas
[15:40:53] [Render thread/INFO] (Minecraft) Created: 256x256x4 minecraft:textures/atlas/signs.png-atlas
[15:40:53] [Render thread/INFO] (Minecraft) Created: 512x512x4 minecraft:textures/atlas/shield_patterns.png-atlas
[15:40:53] [Render thread/INFO] (Minecraft) Created: 512x512x4 minecraft:textures/atlas/banner_patterns.png-atlas
[15:40:53] [Render thread/INFO] (Minecraft) Created: 1024x1024x4 minecraft:textures/atlas/armor_trims.png-atlas
[15:40:54] [Render thread/INFO] (Minecraft) Created: 128x64x4 minecraft:textures/atlas/decorated_pot.png-atlas
[15:40:54] [Render thread/INFO] (Minecraft) Created: 256x256x4 minecraft:textures/atlas/chest.png-atlas
[15:40:54] [Render thread/INFO] (Minecraft) Created: 512x256x4 minecraft:textures/atlas/shulker_boxes.png-atlas
[15:40:54] [Render thread/INFO] (Minecraft) Created: 512x256x4 minecraft:textures/atlas/beds.png-atlas
[15:40:54] [Render thread/WARN] (Minecraft) Shader rendertype_entity_translucent_emissive could not find sampler named Sampler2 in the specified shader program.
[15:40:54] [Render thread/INFO] (Minecraft) Created: 256x256x0 minecraft:textures/atlas/particles.png-atlas
[15:40:54] [Render thread/INFO] (Minecraft) Created: 256x256x0 minecraft:textures/atlas/paintings.png-atlas
[15:40:54] [Render thread/INFO] (Minecraft) Created: 128x128x0 minecraft:textures/atlas/mob_effects.png-atlas
[15:41:20] [Render thread/INFO] (FabricRegistrySync) [fabric-registry-sync] Loaded registry data [file 1/4]
[15:41:20] [Render thread/INFO] (Minecraft) Loaded 7 recipes
[15:41:20] [Render thread/INFO] (Minecraft) Loaded 1271 advancements
[15:41:21] [Render thread/INFO] (BiomeModificationImpl) Applied 0 biome modifications to 0 of 64 new biomes in 1.388 ms
[15:41:21] [Server thread/INFO] (Minecraft) Starting integrated minecraft server version 1.20.1
[15:41:21] [Server thread/INFO] (Minecraft) Generating keypair
[15:41:22] [Server thread/INFO] (Minecraft) Preparing start region for dimension minecraft:overworld
[15:41:24] [Render thread/INFO] (Minecraft) Preparing spawn area: 0%
[15:41:24] [Render thread/INFO] (Minecraft) Preparing spawn area: 0%
[15:41:24] [Render thread/INFO] (Minecraft) Preparing spawn area: 0%
[15:41:24] [Render thread/INFO] (Minecraft) Preparing spawn area: 0%
[15:41:24] [Render thread/INFO] (Minecraft) Preparing spawn area: 0%
[15:41:25] [Render thread/INFO] (Minecraft) Preparing spawn area: 41%
[15:41:25] [Render thread/INFO] (Minecraft) Time elapsed: 2764 ms
[15:41:25] [Server thread/INFO] (Minecraft) Changing view distance to 12, from 10
[15:41:25] [Server thread/INFO] (Minecraft) Changing simulation distance to 12, from 0
[15:41:26] [Server thread/INFO] (Minecraft) Player632[local:E:b4fdd711] logged in with entity id 190 at (187.43349165315837, 88.0, -281.12013338419524)
[15:41:26] [Server thread/INFO] (Minecraft) Player632 joined the game
[15:41:26] [Server thread/INFO] (Minecraft) Player632 has made the advancement [Suit Up]
[15:41:26] [Server thread/INFO] (Minecraft) Player632 has made the advancement [Ice Bucket Challenge]
[15:41:26] [Server thread/INFO] (Minecraft) Player632 has made the advancement [Diamonds!]
[15:41:26] [Server thread/INFO] (Minecraft) Player632 has made the advancement [Cover Me with Diamonds]
[15:41:26] [Render thread/INFO] (Minecraft) [System] [CHAT] Player632 has made the advancement [Suit Up]
[15:41:26] [Render thread/INFO] (Minecraft) [System] [CHAT] Player632 has made the advancement [Ice Bucket Challenge]
[15:41:26] [Render thread/INFO] (Minecraft) [System] [CHAT] Player632 has made the advancement [Diamonds!]
[15:41:26] [Render thread/INFO] (Minecraft) [System] [CHAT] Player632 has made the advancement [Cover Me with Diamonds]
[15:41:26] [Render thread/INFO] (Minecraft) Loaded 75 advancements
[15:42:33] [Server thread/INFO] (Minecraft) [Player632: Set own game mode to Creative Mode]
[15:42:33] [Render thread/INFO] (Minecraft) [System] [CHAT] Set own game mode to Creative Mode
[15:43:28] [Render thread/INFO] (Minecraft) Loaded 76 advancements
[15:43:35] [Render thread/INFO] (Minecraft) Loaded 94 advancements
[15:43:37] [Server thread/INFO] (Minecraft) [Player632: Set the time to 0]
[15:43:37] [Render thread/INFO] (Minecraft) [System] [CHAT] Set the time to 0
[15:43:45] [Server thread/INFO] (Minecraft) [Player632: Set own game mode to Survival Mode]
[15:43:45] [Render thread/INFO] (Minecraft) [System] [CHAT] Set own game mode to Survival Mode
[15:45:09] [Server thread/INFO] (Minecraft) [Player632: Set own game mode to Creative Mode]
[15:45:09] [Render thread/INFO] (Minecraft) [System] [CHAT] Set own game mode to Creative Mode
[15:46:01] [Server thread/INFO] (Minecraft) Saving and pausing game...
[15:46:01] [Server thread/INFO] (Minecraft) Saving chunks for level 'ServerLevel[New World123]'/minecraft:overworld
[15:46:01] [Server thread/INFO] (Minecraft) Saving chunks for level 'ServerLevel[New World123]'/minecraft:the_end
[15:46:01] [Server thread/INFO] (Minecraft) Saving chunks for level 'ServerLevel[New World123]'/minecraft:the_nether
[15:46:01] [Server thread/INFO] (Minecraft) Player632 lost connection: Disconnected
[15:46:01] [Server thread/INFO] (Minecraft) Player632 left the game
[15:46:01] [Server thread/INFO] (Minecraft) Stopping singleplayer server as player logged out
[15:46:01] [Server thread/INFO] (Minecraft) Stopping server
[15:46:01] [Server thread/INFO] (Minecraft) Saving players
[15:46:01] [Server thread/INFO] (Minecraft) Saving worlds
[15:46:02] [Server thread/INFO] (Minecraft) Saving chunks for level 'ServerLevel[New World123]'/minecraft:overworld
[15:46:02] [Server thread/INFO] (Minecraft) Saving chunks for level 'ServerLevel[New World123]'/minecraft:the_end
[15:46:02] [Server thread/INFO] (Minecraft) Saving chunks for level 'ServerLevel[New World123]'/minecraft:the_nether
[15:46:02] [Server thread/INFO] (Minecraft) ThreadedAnvilChunkStorage (New World123): All chunks are saved
[15:46:02] [Server thread/INFO] (Minecraft) ThreadedAnvilChunkStorage (DIM1): All chunks are saved
[15:46:02] [Server thread/INFO] (Minecraft) ThreadedAnvilChunkStorage (DIM-1): All chunks are saved
[15:46:02] [Server thread/INFO] (Minecraft) ThreadedAnvilChunkStorage: All dimensions are saved
[15:46:03] [Render thread/INFO] (Minecraft) Stopping!
